=> Booting Puma
=> Rails 8.0.5 application starting in development 
=> Run `bin/rails server --help` for more startup options
Puma starting in single mode...
* Puma version: 7.2.0 ("On The Corner")
* Ruby version: ruby 3.4.3 (2025-04-14 revision d0b7e5b6a0) +PRISM [x86_64-linux]
*  Min threads: 3
*  Max threads: 3
*  Environment: development
*          PID: 844688
* Listening on http://127.0.0.1:3001
* Listening on http://[::1]:3001
Use Ctrl-C to stop
Started GET "/up" for ::1 at 2026-03-28 03:13:39 -0700
  [1m[36mActiveRecord::SchemaMigration Load (1.2ms)[0m  [1m[34mSELECT "schema_migrations"."version" FROM "schema_migrations" ORDER BY "schema_migrations"."version" ASC /*application='ToesBackend'*/[0m
Processing by Rails::HealthController#show as */*
  Rendering html template
  Rendered html template (Duration: 0.4ms | GC: 0.0ms)
Completed 200 OK in 14ms (Views: 9.6ms | ActiveRecord: 0.0ms (0 queries, 0 cached) | GC: 0.0ms)


Started GET "/up" for ::1 at 2026-03-28 03:14:29 -0700
Processing by Rails::HealthController#show as */*
  Rendering html template
  Rendered html template (Duration: 0.3ms | GC: 0.0ms)
Completed 200 OK in 1ms (Views: 1.0ms | ActiveRecord: 0.0ms (0 queries, 0 cached) | GC: 0.0ms)


Started POST "/api/v1/admin/auth/login" for ::1 at 2026-03-28 03:14:44 -0700
Processing by Api::V1::Admin::AuthController#login as */*
  Parameters: {"username" => "admin", "password" => "[FILTERED]", "auth" => {"username" => "admin", "password" => "[FILTERED]"}}
  [1m[36mAdminUser Load (1.1ms)[0m  [1m[34mSELECT "admin_users".* FROM "admin_users" WHERE "admin_users"."username" = 'admin' LIMIT 1 /*action='login',application='ToesBackend',controller='auth'*/[0m
  ↳ app/controllers/api/v1/admin/auth_controller.rb:6:in 'Api::V1::Admin::AuthController#login'
Completed 200 OK in 382ms (Views: 0.2ms | ActiveRecord: 20.1ms (1 query, 0 cached) | GC: 0.0ms)


Started POST "/api/v1/admin/elections" for ::1 at 2026-03-28 03:14:45 -0700
Processing by Api::V1::Admin::ElectionsController#create as */*
  Parameters: {"title" => "President 2026", "description" => "Vote!", "election" => {"title" => "President 2026", "description" => "Vote!"}}
  [1m[36mAdminUser Load (0.7ms)[0m  [1m[34mSELECT "admin_users".* FROM "admin_users" WHERE "admin_users"."id" = 1 LIMIT 1 /*action='create',application='ToesBackend',controller='elections'*/[0m
  ↳ app/controllers/concerns/jwt_authenticatable.rb:41:in 'JwtAuthenticatable#authenticate_admin!'
[31mUnpermitted parameter: :election. Context: { controller: Api::V1::Admin::ElectionsController, action: create, request: #<ActionDispatch::Request:0x00007f1622719758>, params: {"title" => "President 2026", "description" => "Vote!", "controller" => "api/v1/admin/elections", "action" => "create", "election" => {"title" => "President 2026", "description" => "Vote!"}} }[0m
  [1m[36mTRANSACTION (0.3ms)[0m  [1m[35mBEGIN /*action='create',application='ToesBackend',controller='elections'*/[0m
  ↳ app/controllers/api/v1/admin/elections_controller.rb:16:in 'Api::V1::Admin::ElectionsController#create'
  [1m[36mElection Create (3.1ms)[0m  [1m[32mINSERT INTO "elections" ("title", "description", "status", "starts_at", "ends_at", "created_at", "updated_at") VALUES ('President 2026', 'Vote!', 0, NULL, NULL, '2026-03-28 10:14:45.304113', '2026-03-28 10:14:45.304113') RETURNING "id" /*action='create',application='ToesBackend',controller='elections'*/[0m
  ↳ app/controllers/api/v1/admin/elections_controller.rb:16:in 'Api::V1::Admin::ElectionsController#create'
  [1m[36mTRANSACTION (9.8ms)[0m  [1m[35mCOMMIT /*action='create',application='ToesBackend',controller='elections'*/[0m
  ↳ app/controllers/api/v1/admin/elections_controller.rb:16:in 'Api::V1::Admin::ElectionsController#create'
Completed 201 Created in 33ms (Views: 0.4ms | ActiveRecord: 20.0ms (2 queries, 0 cached) | GC: 0.0ms)


Started POST "/api/v1/admin/elections/5/registration_keys/generate" for ::1 at 2026-03-28 03:14:45 -0700
Processing by Api::V1::Admin::RegistrationKeysController#generate as */*
  Parameters: {"count" => 1, "election_id" => "5", "registration_key" => {}}
  [1m[36mAdminUser Load (0.6ms)[0m  [1m[34mSELECT "admin_users".* FROM "admin_users" WHERE "admin_users"."id" = 1 LIMIT 1 /*action='generate',application='ToesBackend',controller='registration_keys'*/[0m
  ↳ app/controllers/concerns/jwt_authenticatable.rb:41:in 'JwtAuthenticatable#authenticate_admin!'
  [1m[36mElection Load (0.9ms)[0m  [1m[34mSELECT "elections".* FROM "elections" WHERE "elections"."id" = 5 LIMIT 1 /*action='generate',application='ToesBackend',controller='registration_keys'*/[0m
  ↳ app/controllers/api/v1/admin/registration_keys_controller.rb:27:in 'Api::V1::Admin::RegistrationKeysController#election'
  [1m[36mTRANSACTION (0.3ms)[0m  [1m[35mBEGIN /*action='generate',application='ToesBackend',controller='registration_keys'*/[0m
  ↳ app/controllers/api/v1/admin/registration_keys_controller.rb:20:in 'block in Api::V1::Admin::RegistrationKeysController#generate'
  [1m[36mRegistrationKey Exists? (5.6ms)[0m  [1m[34mSELECT 1 AS one FROM "registration_keys" WHERE "registration_keys"."token" = '49825a9212a9195951f8b6aeb33f4df0' LIMIT 1 /*action='generate',application='ToesBackend',controller='registration_keys'*/[0m
  ↳ app/controllers/api/v1/admin/registration_keys_controller.rb:20:in 'block in Api::V1::Admin::RegistrationKeysController#generate'
  [1m[36mRegistrationKey Create (1.4ms)[0m  [1m[32mINSERT INTO "registration_keys" ("token", "used", "election_id", "candidate_id", "created_at", "updated_at") VALUES ('49825a9212a9195951f8b6aeb33f4df0', FALSE, 5, NULL, '2026-03-28 10:14:45.420223', '2026-03-28 10:14:45.420223') RETURNING "id" /*action='generate',application='ToesBackend',controller='registration_keys'*/[0m
  ↳ app/controllers/api/v1/admin/registration_keys_controller.rb:20:in 'block in Api::V1::Admin::RegistrationKeysController#generate'
  [1m[36mTRANSACTION (3.1ms)[0m  [1m[35mCOMMIT /*action='generate',application='ToesBackend',controller='registration_keys'*/[0m
  ↳ app/controllers/api/v1/admin/registration_keys_controller.rb:20:in 'block in Api::V1::Admin::RegistrationKeysController#generate'
Completed 201 Created in 53ms (Views: 0.3ms | ActiveRecord: 19.3ms (4 queries, 0 cached) | GC: 0.0ms)


Started POST "/api/v1/candidates/register" for ::1 at 2026-03-28 03:14:45 -0700
Processing by Api::V1::CandidatesController#register as */*
  Parameters: {"token" => "[FILTERED]", "name" => "Alice Smith", "position" => "President", "bio" => "I will lead us forward.", "candidate" => {"name" => "Alice Smith", "position" => "President", "bio" => "I will lead us forward."}}
  [1m[36mRegistrationKey Load (0.8ms)[0m  [1m[34mSELECT "registration_keys".* FROM "registration_keys" WHERE "registration_keys"."token" = '49825a9212a9195951f8b6aeb33f4df0' LIMIT 1 /*action='register',application='ToesBackend',controller='candidates'*/[0m
  ↳ app/controllers/api/v1/candidates_controller.rb:17:in 'Api::V1::CandidatesController#register'
  [1m[36mElection Load (0.6ms)[0m  [1m[34mSELECT "elections".* FROM "elections" WHERE "elections"."id" = 5 LIMIT 1 /*action='register',application='ToesBackend',controller='candidates'*/[0m
  ↳ app/controllers/api/v1/candidates_controller.rb:22:in 'Api::V1::CandidatesController#register'
[31mUnpermitted parameters: :token, :candidate. Context: { controller: Api::V1::CandidatesController, action: register, request: #<ActionDispatch::Request:0x00007f1622552f00>, params: {"token" => "[FILTERED]", "name" => "Alice Smith", "position" => "President", "bio" => "I will lead us forward.", "controller" => "api/v1/candidates", "action" => "register", "candidate" => {"name" => "Alice Smith", "position" => "President", "bio" => "I will lead us forward."}} }[0m
  [1m[36mTRANSACTION (0.7ms)[0m  [1m[35mBEGIN /*action='register',application='ToesBackend',controller='candidates'*/[0m
  ↳ app/controllers/api/v1/candidates_controller.rb:29:in 'block in Api::V1::CandidatesController#register'
  [1m[36mCandidate Create (6.8ms)[0m  [1m[32mINSERT INTO "candidates" ("name", "position", "bio", "manifesto", "election_id", "registration_key_id", "created_at", "updated_at") VALUES ('Alice Smith', 'President', 'I will lead us forward.', NULL, 5, 4, '2026-03-28 10:14:45.577156', '2026-03-28 10:14:45.577156') RETURNING "id" /*action='register',application='ToesBackend',controller='candidates'*/[0m
  ↳ app/controllers/api/v1/candidates_controller.rb:29:in 'block in Api::V1::CandidatesController#register'
  [1m[36mRegistrationKey Update (0.9ms)[0m  [1m[33mUPDATE "registration_keys" SET "used" = TRUE, "candidate_id" = 2, "updated_at" = '2026-03-28 10:14:45.595465' WHERE "registration_keys"."id" = 4 /*action='register',application='ToesBackend',controller='candidates'*/[0m
  ↳ app/models/registration_key.rb:14:in 'RegistrationKey#claim!'
  [1m[36mTRANSACTION (2.2ms)[0m  [1m[35mCOMMIT /*action='register',application='ToesBackend',controller='candidates'*/[0m
  ↳ app/controllers/api/v1/candidates_controller.rb:28:in 'Api::V1::CandidatesController#register'
  [1m[36mActiveStorage::Attachment Load (1.9ms)[0m  [1m[34mSELECT "active_storage_attachments".* FROM "active_storage_attachments" WHERE "active_storage_attachments"."record_id" = 2 AND "active_storage_attachments"."record_type" = 'Candidate' AND "active_storage_attachments"."name" = 'photo' LIMIT 1 /*action='register',application='ToesBackend',controller='candidates'*/[0m
  ↳ app/controllers/api/v1/candidates_controller.rb:66:in 'Api::V1::CandidatesController#candidate_json'
Completed 201 Created in 97ms (Views: 0.4ms | ActiveRecord: 31.6ms (5 queries, 0 cached) | GC: 0.0ms)


Started POST "/api/v1/auth/register" for ::1 at 2026-03-28 03:14:45 -0700
Processing by Api::V1::AuthController#register as */*
  Parameters: {"student_id" => "STU001", "name" => "Bob Jones", "password" => "[FILTERED]", "password_confirmation" => "[FILTERED]", "auth" => {"student_id" => "STU001", "name" => "Bob Jones", "password" => "[FILTERED]", "password_confirmation" => "[FILTERED]"}}
[31mUnpermitted parameter: :auth. Context: { controller: Api::V1::AuthController, action: register, request: #<ActionDispatch::Request:0x00007f16223c2140>, params: {"student_id" => "STU001", "name" => "Bob Jones", "password" => "[FILTERED]", "password_confirmation" => "[FILTERED]", "controller" => "api/v1/auth", "action" => "register", "auth" => {"student_id" => "STU001", "name" => "Bob Jones", "password" => "[FILTERED]", "password_confirmation" => "[FILTERED]"}} }[0m
  [1m[36mTRANSACTION (0.4ms)[0m  [1m[35mBEGIN /*action='register',application='ToesBackend',controller='auth'*/[0m
  ↳ app/controllers/api/v1/auth_controller.rb:26:in 'Api::V1::AuthController#register'
  [1m[36mUser Exists? (6.2ms)[0m  [1m[34mSELECT 1 AS one FROM "users" WHERE "users"."student_id" = 'STU001' LIMIT 1 /*action='register',application='ToesBackend',controller='auth'*/[0m
  ↳ app/controllers/api/v1/auth_controller.rb:26:in 'Api::V1::AuthController#register'
  [1m[36mTRANSACTION (0.4ms)[0m  [1m[31mROLLBACK /*action='register',application='ToesBackend',controller='auth'*/[0m
  ↳ app/controllers/api/v1/auth_controller.rb:26:in 'Api::V1::AuthController#register'
Completed 422 Unprocessable Content in 408ms (Views: 0.3ms | ActiveRecord: 18.9ms (1 query, 0 cached) | GC: 0.0ms)


Started POST "/api/v1/auth/register" for ::1 at 2026-03-28 03:17:14 -0700
Processing by Api::V1::AuthController#register as */*
  Parameters: {"student_id" => "STU001", "password" => "[FILTERED]", "name" => "Test Student", "auth" => {"student_id" => "STU001", "password" => "[FILTERED]", "name" => "Test Student"}}
[31mUnpermitted parameter: :auth. Context: { controller: Api::V1::AuthController, action: register, request: #<ActionDispatch::Request:0x00007f162229e430>, params: {"student_id" => "STU001", "password" => "[FILTERED]", "name" => "Test Student", "controller" => "api/v1/auth", "action" => "register", "auth" => {"student_id" => "STU001", "password" => "[FILTERED]", "name" => "Test Student"}} }[0m
  [1m[36mTRANSACTION (0.5ms)[0m  [1m[35mBEGIN /*action='register',application='ToesBackend',controller='auth'*/[0m
  ↳ app/controllers/api/v1/auth_controller.rb:26:in 'Api::V1::AuthController#register'
  [1m[36mUser Exists? (3.6ms)[0m  [1m[34mSELECT 1 AS one FROM "users" WHERE "users"."student_id" = 'STU001' LIMIT 1 /*action='register',application='ToesBackend',controller='auth'*/[0m
  ↳ app/controllers/api/v1/auth_controller.rb:26:in 'Api::V1::AuthController#register'
  [1m[36mTRANSACTION (0.5ms)[0m  [1m[31mROLLBACK /*action='register',application='ToesBackend',controller='auth'*/[0m
  ↳ app/controllers/api/v1/auth_controller.rb:26:in 'Api::V1::AuthController#register'
Completed 422 Unprocessable Content in 341ms (Views: 0.3ms | ActiveRecord: 4.5ms (1 query, 0 cached) | GC: 0.0ms)


Started POST "/api/v1/admin/auth/login" for ::1 at 2026-03-28 11:19:06 -0700
Processing by Api::V1::Admin::AuthController#login as */*
  Parameters: {"username" => "admin", "password" => "[FILTERED]", "auth" => {"username" => "admin", "password" => "[FILTERED]"}}
  [1m[36mAdminUser Load (1.0ms)[0m  [1m[34mSELECT "admin_users".* FROM "admin_users" WHERE "admin_users"."username" = 'admin' LIMIT 1 /*action='login',application='ToesBackend',controller='auth'*/[0m
  ↳ app/controllers/api/v1/admin/auth_controller.rb:6:in 'Api::V1::Admin::AuthController#login'
Completed 200 OK in 337ms (Views: 0.2ms | ActiveRecord: 1.0ms (1 query, 0 cached) | GC: 0.0ms)


Started POST "/api/v1/admin/elections" for ::1 at 2026-03-28 11:19:07 -0700
Processing by Api::V1::Admin::ElectionsController#create as */*
  Parameters: {"title" => "President 2026", "description" => "Vote!", "election" => {"title" => "President 2026", "description" => "Vote!"}}
  [1m[36mAdminUser Load (0.6ms)[0m  [1m[34mSELECT "admin_users".* FROM "admin_users" WHERE "admin_users"."id" = 1 LIMIT 1 /*action='create',application='ToesBackend',controller='elections'*/[0m
  ↳ app/controllers/concerns/jwt_authenticatable.rb:41:in 'JwtAuthenticatable#authenticate_admin!'
[31mUnpermitted parameter: :election. Context: { controller: Api::V1::Admin::ElectionsController, action: create, request: #<ActionDispatch::Request:0x00007f16221fd850>, params: {"title" => "President 2026", "description" => "Vote!", "controller" => "api/v1/admin/elections", "action" => "create", "election" => {"title" => "President 2026", "description" => "Vote!"}} }[0m
  [1m[36mTRANSACTION (0.6ms)[0m  [1m[35mBEGIN /*action='create',application='ToesBackend',controller='elections'*/[0m
  ↳ app/controllers/api/v1/admin/elections_controller.rb:16:in 'Api::V1::Admin::ElectionsController#create'
  [1m[36mElection Create (4.5ms)[0m  [1m[32mINSERT INTO "elections" ("title", "description", "status", "starts_at", "ends_at", "created_at", "updated_at") VALUES ('President 2026', 'Vote!', 0, NULL, NULL, '2026-03-28 18:19:07.390386', '2026-03-28 18:19:07.390386') RETURNING "id" /*action='create',application='ToesBackend',controller='elections'*/[0m
  ↳ app/controllers/api/v1/admin/elections_controller.rb:16:in 'Api::V1::Admin::ElectionsController#create'
  [1m[36mTRANSACTION (2.3ms)[0m  [1m[35mCOMMIT /*action='create',application='ToesBackend',controller='elections'*/[0m
  ↳ app/controllers/api/v1/admin/elections_controller.rb:16:in 'Api::V1::Admin::ElectionsController#create'
Completed 201 Created in 22ms (Views: 1.7ms | ActiveRecord: 7.9ms (2 queries, 0 cached) | GC: 0.0ms)


Started POST "/api/v1/admin/elections/6/registration_keys/generate" for ::1 at 2026-03-28 11:19:07 -0700
Processing by Api::V1::Admin::RegistrationKeysController#generate as */*
  Parameters: {"count" => 1, "election_id" => "6", "registration_key" => {}}
  [1m[36mAdminUser Load (0.7ms)[0m  [1m[34mSELECT "admin_users".* FROM "admin_users" WHERE "admin_users"."id" = 1 LIMIT 1 /*action='generate',application='ToesBackend',controller='registration_keys'*/[0m
  ↳ app/controllers/concerns/jwt_authenticatable.rb:41:in 'JwtAuthenticatable#authenticate_admin!'
  [1m[36mElection Load (0.8ms)[0m  [1m[34mSELECT "elections".* FROM "elections" WHERE "elections"."id" = 6 LIMIT 1 /*action='generate',application='ToesBackend',controller='registration_keys'*/[0m
  ↳ app/controllers/api/v1/admin/registration_keys_controller.rb:27:in 'Api::V1::Admin::RegistrationKeysController#election'
  [1m[36mTRANSACTION (0.5ms)[0m  [1m[35mBEGIN /*action='generate',application='ToesBackend',controller='registration_keys'*/[0m
  ↳ app/controllers/api/v1/admin/registration_keys_controller.rb:20:in 'block in Api::V1::Admin::RegistrationKeysController#generate'
  [1m[36mRegistrationKey Exists? (6.7ms)[0m  [1m[34mSELECT 1 AS one FROM "registration_keys" WHERE "registration_keys"."token" = '5266eb9c847f3efa4327fddd04b3808e' LIMIT 1 /*action='generate',application='ToesBackend',controller='registration_keys'*/[0m
  ↳ app/controllers/api/v1/admin/registration_keys_controller.rb:20:in 'block in Api::V1::Admin::RegistrationKeysController#generate'
  [1m[36mRegistrationKey Create (0.8ms)[0m  [1m[32mINSERT INTO "registration_keys" ("token", "used", "election_id", "candidate_id", "created_at", "updated_at") VALUES ('5266eb9c847f3efa4327fddd04b3808e', FALSE, 6, NULL, '2026-03-28 18:19:07.481757', '2026-03-28 18:19:07.481757') RETURNING "id" /*action='generate',application='ToesBackend',controller='registration_keys'*/[0m
  ↳ app/controllers/api/v1/admin/registration_keys_controller.rb:20:in 'block in Api::V1::Admin::RegistrationKeysController#generate'
  [1m[36mTRANSACTION (2.4ms)[0m  [1m[35mCOMMIT /*action='generate',application='ToesBackend',controller='registration_keys'*/[0m
  ↳ app/controllers/api/v1/admin/registration_keys_controller.rb:20:in 'block in Api::V1::Admin::RegistrationKeysController#generate'
Completed 201 Created in 32ms (Views: 0.3ms | ActiveRecord: 11.6ms (4 queries, 0 cached) | GC: 0.0ms)


Started POST "/api/v1/candidates/register" for ::1 at 2026-03-28 11:19:07 -0700
Processing by Api::V1::CandidatesController#register as */*
  Parameters: {"token" => "[FILTERED]", "name" => "Alice Smith", "position" => "President", "bio" => "I will lead us forward.", "candidate" => {"name" => "Alice Smith", "position" => "President", "bio" => "I will lead us forward."}}
  [1m[36mRegistrationKey Load (0.7ms)[0m  [1m[34mSELECT "registration_keys".* FROM "registration_keys" WHERE "registration_keys"."token" = '5266eb9c847f3efa4327fddd04b3808e' LIMIT 1 /*action='register',application='ToesBackend',controller='candidates'*/[0m
  ↳ app/controllers/api/v1/candidates_controller.rb:17:in 'Api::V1::CandidatesController#register'
  [1m[36mElection Load (0.8ms)[0m  [1m[34mSELECT "elections".* FROM "elections" WHERE "elections"."id" = 6 LIMIT 1 /*action='register',application='ToesBackend',controller='candidates'*/[0m
  ↳ app/controllers/api/v1/candidates_controller.rb:22:in 'Api::V1::CandidatesController#register'
[31mUnpermitted parameters: :token, :candidate. Context: { controller: Api::V1::CandidatesController, action: register, request: #<ActionDispatch::Request:0x00007f16220dbb98>, params: {"token" => "[FILTERED]", "name" => "Alice Smith", "position" => "President", "bio" => "I will lead us forward.", "controller" => "api/v1/candidates", "action" => "register", "candidate" => {"name" => "Alice Smith", "position" => "President", "bio" => "I will lead us forward."}} }[0m
  [1m[36mTRANSACTION (0.9ms)[0m  [1m[35mBEGIN /*action='register',application='ToesBackend',controller='candidates'*/[0m
  ↳ app/controllers/api/v1/candidates_controller.rb:29:in 'block in Api::V1::CandidatesController#register'
  [1m[36mCandidate Create (5.7ms)[0m  [1m[32mINSERT INTO "candidates" ("name", "position", "bio", "manifesto", "election_id", "registration_key_id", "created_at", "updated_at") VALUES ('Alice Smith', 'President', 'I will lead us forward.', NULL, 6, 5, '2026-03-28 18:19:07.553371', '2026-03-28 18:19:07.553371') RETURNING "id" /*action='register',application='ToesBackend',controller='candidates'*/[0m
  ↳ app/controllers/api/v1/candidates_controller.rb:29:in 'block in Api::V1::CandidatesController#register'
  [1m[36mRegistrationKey Update (0.9ms)[0m  [1m[33mUPDATE "registration_keys" SET "used" = TRUE, "candidate_id" = 3, "updated_at" = '2026-03-28 18:19:07.563807' WHERE "registration_keys"."id" = 5 /*action='register',application='ToesBackend',controller='candidates'*/[0m
  ↳ app/models/registration_key.rb:14:in 'RegistrationKey#claim!'
  [1m[36mTRANSACTION (6.6ms)[0m  [1m[35mCOMMIT /*action='register',application='ToesBackend',controller='candidates'*/[0m
  ↳ app/controllers/api/v1/candidates_controller.rb:28:in 'Api::V1::CandidatesController#register'
  [1m[36mActiveStorage::Attachment Load (0.6ms)[0m  [1m[34mSELECT "active_storage_attachments".* FROM "active_storage_attachments" WHERE "active_storage_attachments"."record_id" = 3 AND "active_storage_attachments"."record_type" = 'Candidate' AND "active_storage_attachments"."name" = 'photo' LIMIT 1 /*action='register',application='ToesBackend',controller='candidates'*/[0m
  ↳ app/controllers/api/v1/candidates_controller.rb:66:in 'Api::V1::CandidatesController#candidate_json'
Completed 201 Created in 42ms (Views: 0.2ms | ActiveRecord: 15.4ms (5 queries, 0 cached) | GC: 0.0ms)


Started POST "/api/v1/auth/register" for ::1 at 2026-03-28 11:19:07 -0700
Processing by Api::V1::AuthController#register as */*
  Parameters: {"student_id" => "STU1774721946", "name" => "Bob Jones", "password" => "[FILTERED]", "password_confirmation" => "[FILTERED]", "auth" => {"student_id" => "STU1774721946", "name" => "Bob Jones", "password" => "[FILTERED]", "password_confirmation" => "[FILTERED]"}}
[31mUnpermitted parameter: :auth. Context: { controller: Api::V1::AuthController, action: register, request: #<ActionDispatch::Request:0x00007f1622020c80>, params: {"student_id" => "STU1774721946", "name" => "Bob Jones", "password" => "[FILTERED]", "password_confirmation" => "[FILTERED]", "controller" => "api/v1/auth", "action" => "register", "auth" => {"student_id" => "STU1774721946", "name" => "Bob Jones", "password" => "[FILTERED]", "password_confirmation" => "[FILTERED]"}} }[0m
  [1m[36mTRANSACTION (0.4ms)[0m  [1m[35mBEGIN /*action='register',application='ToesBackend',controller='auth'*/[0m
  ↳ app/controllers/api/v1/auth_controller.rb:26:in 'Api::V1::AuthController#register'
  [1m[36mUser Exists? (3.8ms)[0m  [1m[34mSELECT 1 AS one FROM "users" WHERE "users"."student_id" = 'STU1774721946' LIMIT 1 /*action='register',application='ToesBackend',controller='auth'*/[0m
  ↳ app/controllers/api/v1/auth_controller.rb:26:in 'Api::V1::AuthController#register'
  [1m[36mUser Create (0.7ms)[0m  [1m[32mINSERT INTO "users" ("student_id", "name", "email", "password_digest", "has_voted", "created_at", "updated_at") VALUES ('STU1774721946', 'Bob Jones', NULL, '$2a$12$MQKee4x5aTakNsmrxu8R1O5IgrtC2v35hl6.4UVoj08u/9e.CVSFa', FALSE, '2026-03-28 18:19:08.031435', '2026-03-28 18:19:08.031435') RETURNING "id" /*action='register',application='ToesBackend',controller='auth'*/[0m
  ↳ app/controllers/api/v1/auth_controller.rb:26:in 'Api::V1::AuthController#register'
  [1m[36mTRANSACTION (4.9ms)[0m  [1m[35mCOMMIT /*action='register',application='ToesBackend',controller='auth'*/[0m
  ↳ app/controllers/api/v1/auth_controller.rb:26:in 'Api::V1::AuthController#register'
Completed 201 Created in 418ms (Views: 0.4ms | ActiveRecord: 9.6ms (2 queries, 0 cached) | GC: 0.0ms)


Started POST "/api/v1/elections/6/votes" for ::1 at 2026-03-28 11:19:08 -0700
Processing by Api::V1::VotesController#create as */*
  Parameters: {"candidate_id" => 3, "election_id" => "6", "vote" => {"candidate_id" => 3}}
  [1m[36mUser Load (0.7ms)[0m  [1m[34mSELECT "users".* FROM "users" WHERE "users"."id" = 2 LIMIT 1 /*action='create',application='ToesBackend',controller='votes'*/[0m
  ↳ app/controllers/concerns/jwt_authenticatable.rb:30:in 'JwtAuthenticatable#authenticate_user!'
  [1m[36mElection Load (0.7ms)[0m  [1m[34mSELECT "elections".* FROM "elections" WHERE "elections"."id" = 6 LIMIT 1 /*action='create',application='ToesBackend',controller='votes'*/[0m
  ↳ app/controllers/api/v1/votes_controller.rb:7:in 'Api::V1::VotesController#create'
Completed 403 Forbidden in 7ms (Views: 0.2ms | ActiveRecord: 3.7ms (2 queries, 0 cached) | GC: 0.0ms)


Started PATCH "/api/v1/admin/elections/6/toggle_status" for ::1 at 2026-03-28 11:19:08 -0700
Processing by Api::V1::Admin::ElectionsController#toggle_status as */*
  Parameters: {"id" => "6"}
  [1m[36mAdminUser Load (0.7ms)[0m  [1m[34mSELECT "admin_users".* FROM "admin_users" WHERE "admin_users"."id" = 1 LIMIT 1 /*action='toggle_status',application='ToesBackend',controller='elections'*/[0m
  ↳ app/controllers/concerns/jwt_authenticatable.rb:41:in 'JwtAuthenticatable#authenticate_admin!'
  [1m[36mElection Load (1.0ms)[0m  [1m[34mSELECT "elections".* FROM "elections" WHERE "elections"."id" = 6 LIMIT 1 /*action='toggle_status',application='ToesBackend',controller='elections'*/[0m
  ↳ app/controllers/api/v1/admin/elections_controller.rb:61:in 'Api::V1::Admin::ElectionsController#election'
  [1m[36mTRANSACTION (0.7ms)[0m  [1m[35mBEGIN /*action='toggle_status',application='ToesBackend',controller='elections'*/[0m
  ↳ app/controllers/api/v1/admin/elections_controller.rb:33:in 'Api::V1::Admin::ElectionsController#toggle_status'
  [1m[36mElection Update (9.4ms)[0m  [1m[33mUPDATE "elections" SET "status" = 1, "updated_at" = '2026-03-28 18:19:08.166322' WHERE "elections"."id" = 6 /*action='toggle_status',application='ToesBackend',controller='elections'*/[0m
  ↳ app/controllers/api/v1/admin/elections_controller.rb:33:in 'Api::V1::Admin::ElectionsController#toggle_status'
  [1m[36mTRANSACTION (9.3ms)[0m  [1m[35mCOMMIT /*action='toggle_status',application='ToesBackend',controller='elections'*/[0m
  ↳ app/controllers/api/v1/admin/elections_controller.rb:33:in 'Api::V1::Admin::ElectionsController#toggle_status'
Completed 200 OK in 37ms (Views: 0.5ms | ActiveRecord: 20.9ms (3 queries, 0 cached) | GC: 0.0ms)


Started POST "/api/v1/elections/6/votes" for ::1 at 2026-03-28 11:19:08 -0700
Processing by Api::V1::VotesController#create as */*
  Parameters: {"candidate_id" => 3, "election_id" => "6", "vote" => {"candidate_id" => 3}}
  [1m[36mUser Load (0.9ms)[0m  [1m[34mSELECT "users".* FROM "users" WHERE "users"."id" = 2 LIMIT 1 /*action='create',application='ToesBackend',controller='votes'*/[0m
  ↳ app/controllers/concerns/jwt_authenticatable.rb:30:in 'JwtAuthenticatable#authenticate_user!'
  [1m[36mElection Load (1.0ms)[0m  [1m[34mSELECT "elections".* FROM "elections" WHERE "elections"."id" = 6 LIMIT 1 /*action='create',application='ToesBackend',controller='votes'*/[0m
  ↳ app/controllers/api/v1/votes_controller.rb:7:in 'Api::V1::VotesController#create'
  [1m[36mCandidate Load (1.6ms)[0m  [1m[34mSELECT "candidates".* FROM "candidates" WHERE "candidates"."election_id" = 6 AND "candidates"."id" = 3 LIMIT 1 /*action='create',application='ToesBackend',controller='votes'*/[0m
  ↳ app/controllers/api/v1/votes_controller.rb:12:in 'Api::V1::VotesController#create'
  [1m[36mTRANSACTION (0.6ms)[0m  [1m[35mBEGIN /*action='create',application='ToesBackend',controller='votes'*/[0m
  ↳ app/controllers/api/v1/votes_controller.rb:15:in 'block in Api::V1::VotesController#create'
  [1m[36mVote Exists? (1.3ms)[0m  [1m[34mSELECT 1 AS one FROM "votes" WHERE "votes"."voter_id" = 2 AND "votes"."election_id" = 6 LIMIT 1 /*action='create',application='ToesBackend',controller='votes'*/[0m
  ↳ app/controllers/api/v1/votes_controller.rb:15:in 'block in Api::V1::VotesController#create'
  [1m[36mVote Create (1.5ms)[0m  [1m[32mINSERT INTO "votes" ("voter_id", "candidate_id", "election_id", "created_at", "updated_at") VALUES (2, 3, 6, '2026-03-28 18:19:08.297642', '2026-03-28 18:19:08.297642') RETURNING "id" /*action='create',application='ToesBackend',controller='votes'*/[0m
  ↳ app/controllers/api/v1/votes_controller.rb:15:in 'block in Api::V1::VotesController#create'
  [1m[36mUser Update (0.9ms)[0m  [1m[33mUPDATE "users" SET "has_voted" = TRUE, "updated_at" = '2026-03-28 18:19:08.308360' WHERE "users"."id" = 2 /*action='create',application='ToesBackend',controller='votes'*/[0m
  ↳ app/controllers/api/v1/votes_controller.rb:16:in 'block in Api::V1::VotesController#create'
  [1m[36mVote Count (0.7ms)[0m  [1m[34mSELECT COUNT(*) FROM "votes" WHERE "votes"."election_id" = 6 /*action='create',application='ToesBackend',controller='votes'*/[0m
  ↳ app/controllers/api/v1/votes_controller.rb:21:in 'block in Api::V1::VotesController#create'
[ActionCable] Broadcasting to analytics_6: {votes_cast: 1}
  [1m[36mTRANSACTION (3.8ms)[0m  [1m[35mCOMMIT /*action='create',application='ToesBackend',controller='votes'*/[0m
  ↳ app/controllers/api/v1/votes_controller.rb:14:in 'Api::V1::VotesController#create'
Completed 201 Created in 95ms (Views: 0.2ms | ActiveRecord: 26.4ms (7 queries, 0 cached) | GC: 0.0ms)


Started POST "/api/v1/elections/6/votes" for ::1 at 2026-03-28 11:19:08 -0700
Processing by Api::V1::VotesController#create as */*
  Parameters: {"candidate_id" => 3, "election_id" => "6", "vote" => {"candidate_id" => 3}}
  [1m[36mUser Load (0.6ms)[0m  [1m[34mSELECT "users".* FROM "users" WHERE "users"."id" = 2 LIMIT 1 /*action='create',application='ToesBackend',controller='votes'*/[0m
  ↳ app/controllers/concerns/jwt_authenticatable.rb:30:in 'JwtAuthenticatable#authenticate_user!'
  [1m[36mElection Load (0.8ms)[0m  [1m[34mSELECT "elections".* FROM "elections" WHERE "elections"."id" = 6 LIMIT 1 /*action='create',application='ToesBackend',controller='votes'*/[0m
  ↳ app/controllers/api/v1/votes_controller.rb:7:in 'Api::V1::VotesController#create'
Completed 422 Unprocessable Content in 8ms (Views: 0.2ms | ActiveRecord: 1.4ms (2 queries, 0 cached) | GC: 0.0ms)


Started PATCH "/api/v1/admin/elections/6/toggle_status" for ::1 at 2026-03-28 11:19:08 -0700
Processing by Api::V1::Admin::ElectionsController#toggle_status as */*
  Parameters: {"id" => "6"}
  [1m[36mAdminUser Load (0.6ms)[0m  [1m[34mSELECT "admin_users".* FROM "admin_users" WHERE "admin_users"."id" = 1 LIMIT 1 /*action='toggle_status',application='ToesBackend',controller='elections'*/[0m
  ↳ app/controllers/concerns/jwt_authenticatable.rb:41:in 'JwtAuthenticatable#authenticate_admin!'
  [1m[36mElection Load (0.7ms)[0m  [1m[34mSELECT "elections".* FROM "elections" WHERE "elections"."id" = 6 LIMIT 1 /*action='toggle_status',application='ToesBackend',controller='elections'*/[0m
  ↳ app/controllers/api/v1/admin/elections_controller.rb:61:in 'Api::V1::Admin::ElectionsController#election'
  [1m[36mTRANSACTION (0.5ms)[0m  [1m[35mBEGIN /*action='toggle_status',application='ToesBackend',controller='elections'*/[0m
  ↳ app/controllers/api/v1/admin/elections_controller.rb:34:in 'Api::V1::Admin::ElectionsController#toggle_status'
  [1m[36mElection Update (5.9ms)[0m  [1m[33mUPDATE "elections" SET "status" = 2, "updated_at" = '2026-03-28 18:19:08.419442' WHERE "elections"."id" = 6 /*action='toggle_status',application='ToesBackend',controller='elections'*/[0m
  ↳ app/controllers/api/v1/admin/elections_controller.rb:34:in 'Api::V1::Admin::ElectionsController#toggle_status'
  [1m[36mTRANSACTION (2.4ms)[0m  [1m[35mCOMMIT /*action='toggle_status',application='ToesBackend',controller='elections'*/[0m
  ↳ app/controllers/api/v1/admin/elections_controller.rb:34:in 'Api::V1::Admin::ElectionsController#toggle_status'
Completed 200 OK in 59ms (Views: 0.4ms | ActiveRecord: 9.9ms (3 queries, 0 cached) | GC: 35.0ms)


Started GET "/api/v1/elections/6" for ::1 at 2026-03-28 11:19:08 -0700
Processing by Api::V1::ElectionsController#show as */*
  Parameters: {"id" => "6"}
  [1m[36mElection Load (0.7ms)[0m  [1m[34mSELECT "elections".* FROM "elections" WHERE "elections"."status" != 0 AND "elections"."id" = 6 LIMIT 1 /*action='show',application='ToesBackend',controller='elections'*/[0m
  ↳ app/controllers/api/v1/elections_controller.rb:10:in 'Api::V1::ElectionsController#show'
  [1m[36mVote Count (1.2ms)[0m  [1m[34mSELECT COUNT(*) AS "count_all", "votes"."candidate_id" AS "votes_candidate_id" FROM "votes" WHERE "votes"."election_id" = 6 GROUP BY "votes"."candidate_id" /*action='show',application='ToesBackend',controller='elections'*/[0m
  ↳ app/controllers/api/v1/elections_controller.rb:15:in 'Api::V1::ElectionsController#show'
  [1m[36mCandidate Load (3.0ms)[0m  [1m[34mSELECT "candidates".* FROM "candidates" WHERE "candidates"."election_id" = 6 /*action='show',application='ToesBackend',controller='elections'*/[0m
  ↳ app/controllers/api/v1/elections_controller.rb:16:in 'Enumerable#map'
Completed 200 OK in 28ms (Views: 0.5ms | ActiveRecord: 2.6ms (3 queries, 0 cached) | GC: 2.1ms)


Started GET "/api/v1/admin/elections/6/analytics" for ::1 at 2026-03-28 11:19:08 -0700
Processing by Api::V1::Admin::ElectionsController#analytics as */*
  Parameters: {"id" => "6"}
  [1m[36mAdminUser Load (0.8ms)[0m  [1m[34mSELECT "admin_users".* FROM "admin_users" WHERE "admin_users"."id" = 1 LIMIT 1 /*action='analytics',application='ToesBackend',controller='elections'*/[0m
  ↳ app/controllers/concerns/jwt_authenticatable.rb:41:in 'JwtAuthenticatable#authenticate_admin!'
  [1m[36mElection Load (0.8ms)[0m  [1m[34mSELECT "elections".* FROM "elections" WHERE "elections"."id" = 6 LIMIT 1 /*action='analytics',application='ToesBackend',controller='elections'*/[0m
  ↳ app/controllers/api/v1/admin/elections_controller.rb:61:in 'Api::V1::Admin::ElectionsController#election'
  [1m[36mVote Count (2.9ms)[0m  [1m[34mSELECT COUNT(*) AS "count_all", "votes"."candidate_id" AS "votes_candidate_id" FROM "votes" WHERE "votes"."election_id" = 6 GROUP BY "votes"."candidate_id" /*action='analytics',application='ToesBackend',controller='elections'*/[0m
  ↳ app/controllers/api/v1/admin/elections_controller.rb:43:in 'Api::V1::Admin::ElectionsController#analytics'
  [1m[36mCandidate Load (2.4ms)[0m  [1m[34mSELECT "candidates".* FROM "candidates" WHERE "candidates"."election_id" = 6 /*action='analytics',application='ToesBackend',controller='elections'*/[0m
  ↳ app/controllers/api/v1/admin/elections_controller.rb:45:in 'Enumerable#map'
  [1m[36mUser Count (3.2ms)[0m  [1m[34mSELECT COUNT(*) FROM "users" /*action='analytics',application='ToesBackend',controller='elections'*/[0m
  ↳ app/controllers/api/v1/admin/elections_controller.rb:51:in 'Api::V1::Admin::ElectionsController#analytics'
  [1m[36mVote Count (1.1ms)[0m  [1m[34mSELECT COUNT(*) FROM "votes" WHERE "votes"."election_id" = 6 /*action='analytics',application='ToesBackend',controller='elections'*/[0m
  ↳ app/controllers/api/v1/admin/elections_controller.rb:52:in 'Api::V1::Admin::ElectionsController#analytics'
  [1m[36mCACHE User Count (0.0ms)[0m  [1m[34mSELECT COUNT(*) FROM "users"[0m
  ↳ app/controllers/api/v1/admin/elections_controller.rb:53:in 'Api::V1::Admin::ElectionsController#analytics'
  [1m[36mCACHE Vote Count (0.1ms)[0m  [1m[34mSELECT COUNT(*) FROM "votes" WHERE "votes"."election_id" = 6[0m
  ↳ app/controllers/api/v1/admin/elections_controller.rb:53:in 'Api::V1::Admin::ElectionsController#analytics'
  [1m[36mCACHE User Count (0.1ms)[0m  [1m[34mSELECT COUNT(*) FROM "users"[0m
  ↳ app/controllers/api/v1/admin/elections_controller.rb:53:in 'Api::V1::Admin::ElectionsController#analytics'
Completed 200 OK in 57ms (Views: 0.4ms | ActiveRecord: 11.1ms (9 queries, 3 cached) | GC: 3.1ms)


